[INFO  - 2020-05-14T09:57:41.095Z] GhostDriver - Main - running on port 53641
[INFO  - 2020-05-14T09:57:41.476Z] Session [59bc28d0-95c9-11ea-bd22-9957fe81c7be] - page.settings - {"XSSAuditingEnabled":false,"javascriptCanCloseWindows":true,"javascriptCanOpenWindows":true,"javascriptEnabled":true,"loadImages":true,"localToRemoteUrlAccessEnabled":false,"userAgent":"Mozilla/5.0 (Windows NT 6.2; WOW64) AppleWebKit/538.1 (KHTML, like Gecko) PhantomJS/2.1.1 Safari/538.1","webSecurityEnabled":true}
[INFO  - 2020-05-14T09:57:41.476Z] Session [59bc28d0-95c9-11ea-bd22-9957fe81c7be] - page.customHeaders:  - {}
[INFO  - 2020-05-14T09:57:41.476Z] Session [59bc28d0-95c9-11ea-bd22-9957fe81c7be] - Session.negotiatedCapabilities - {"browserName":"phantomjs","version":"2.1.1","driverName":"ghostdriver","driverVersion":"1.2.0","platform":"windows-10-32bit","javascriptEnabled":true,"takesScreenshot":true,"handlesAlerts":false,"databaseEnabled":false,"locationContextEnabled":false,"applicationCacheEnabled":false,"browserConnectionEnabled":false,"cssSelectorsEnabled":true,"webStorageEnabled":false,"rotatable":false,"acceptSslCerts":false,"nativeEvents":true,"proxy":{"proxyType":"direct"}}
[INFO  - 2020-05-14T09:57:41.476Z] SessionManagerReqHand - _postNewSessionCommand - New Session Created: 59bc28d0-95c9-11ea-bd22-9957fe81c7be
[ERROR - 2020-05-14T09:57:46.323Z] WebElementLocator - _handleLocateCommand - Element(s) NOT Found: GAVE UP. Search Stop Time: 1589450266297

  phantomjs://platform/console++.js:263 in error
[ERROR - 2020-05-14T09:57:48.091Z] WebElementLocator - _handleLocateCommand - Element(s) NOT Found: GAVE UP. Search Stop Time: 1589450268044

  phantomjs://platform/console++.js:263 in error
[ERROR - 2020-05-14T09:57:50.043Z] Session [59bc28d0-95c9-11ea-bd22-9957fe81c7be] - page.onError - msg: ReferenceError: Can't find variable: searchlog

  phantomjs://platform/console++.js:263 in error
[ERROR - 2020-05-14T09:57:50.043Z] Session [59bc28d0-95c9-11ea-bd22-9957fe81c7be] - page.onError - stack:
  onclick (https://search.jd.com/Search?keyword=%E7%AC%94%E8%AE%B0%E6%9C%AC&enc=utf-8&pvid=fbff0dc4735542dab785b650e351d7a9:4211)
  dispatchEvent (:0)
  U (:119)
  $ (:108)
  $ (:101)
  gh (:141)
  sh (:152)
  (anonymous function) (:152)
  (anonymous function) (:152)
  (anonymous function) (:153)

  phantomjs://platform/console++.js:263 in error
[ERROR - 2020-05-14T09:57:50.096Z] Session [59bc28d0-95c9-11ea-bd22-9957fe81c7be] - page.onError - msg: TypeError: null is not a constructor (evaluating 'new Toolbar')

  phantomjs://platform/console++.js:263 in error
[ERROR - 2020-05-14T09:57:50.096Z] Session [59bc28d0-95c9-11ea-bd22-9957fe81c7be] - page.onError - stack:
  (anonymous function) (https://search.jd.com/Search?keyword=%E7%AC%94%E8%AE%B0%E6%9C%AC&enc=utf-8&pvid=fbff0dc4735542dab785b650e351d7a9:8577)
  callback (https://misc.360buyimg.com/??jdf/1.0.0/unit/base/5.0.0/base.js,jdf/lib/jquery-1.6.4.js,product/module/es5-shim.js:2)
  onload (https://misc.360buyimg.com/??jdf/1.0.0/unit/base/5.0.0/base.js,jdf/lib/jquery-1.6.4.js,product/module/es5-shim.js:2)
  onload (https://misc.360buyimg.com/??jdf/1.0.0/unit/base/5.0.0/base.js,jdf/lib/jquery-1.6.4.js,product/module/es5-shim.js:2)
  load (https://misc.360buyimg.com/??jdf/1.0.0/unit/base/5.0.0/base.js,jdf/lib/jquery-1.6.4.js,product/module/es5-shim.js:2)
  d (https://misc.360buyimg.com/??jdf/1.0.0/unit/base/5.0.0/base.js,jdf/lib/jquery-1.6.4.js,product/module/es5-shim.js:2)
  f (https://misc.360buyimg.com/??jdf/1.0.0/unit/base/5.0.0/base.js,jdf/lib/jquery-1.6.4.js,product/module/es5-shim.js:2)
  onerror (https://misc.360buyimg.com/??jdf/1.0.0/unit/base/5.0.0/base.js,jdf/lib/jquery-1.6.4.js,product/module/es5-shim.js:2)

  phantomjs://platform/console++.js:263 in error
[ERROR - 2020-05-14T09:57:50.096Z] Session [59bc28d0-95c9-11ea-bd22-9957fe81c7be] - page.onError - msg: TypeError: null is not an object (evaluating 's.init')

  phantomjs://platform/console++.js:263 in error
[ERROR - 2020-05-14T09:57:50.097Z] Session [59bc28d0-95c9-11ea-bd22-9957fe81c7be] - page.onError - stack:
  (anonymous function) (https://search.jd.com/Search?keyword=%E7%AC%94%E8%AE%B0%E6%9C%AC&enc=utf-8&pvid=fbff0dc4735542dab785b650e351d7a9:8614)
  callback (https://misc.360buyimg.com/??jdf/1.0.0/unit/base/5.0.0/base.js,jdf/lib/jquery-1.6.4.js,product/module/es5-shim.js:2)
  onload (https://misc.360buyimg.com/??jdf/1.0.0/unit/base/5.0.0/base.js,jdf/lib/jquery-1.6.4.js,product/module/es5-shim.js:2)
  onload (https://misc.360buyimg.com/??jdf/1.0.0/unit/base/5.0.0/base.js,jdf/lib/jquery-1.6.4.js,product/module/es5-shim.js:2)
  load (https://misc.360buyimg.com/??jdf/1.0.0/unit/base/5.0.0/base.js,jdf/lib/jquery-1.6.4.js,product/module/es5-shim.js:2)
  d (https://misc.360buyimg.com/??jdf/1.0.0/unit/base/5.0.0/base.js,jdf/lib/jquery-1.6.4.js,product/module/es5-shim.js:2)
  f (https://misc.360buyimg.com/??jdf/1.0.0/unit/base/5.0.0/base.js,jdf/lib/jquery-1.6.4.js,product/module/es5-shim.js:2)
  onerror (https://misc.360buyimg.com/??jdf/1.0.0/unit/base/5.0.0/base.js,jdf/lib/jquery-1.6.4.js,product/module/es5-shim.js:2)

  phantomjs://platform/console++.js:263 in error
[INFO  - 2020-05-14T10:02:41.091Z] SessionManagerReqHand - _cleanupWindowlessSessions - Asynchronous Sessions clean-up phase starting NOW
[INFO  - 2020-05-14T10:07:41.092Z] SessionManagerReqHand - _cleanupWindowlessSessions - Asynchronous Sessions clean-up phase starting NOW
[INFO  - 2020-05-14T10:12:41.104Z] SessionManagerReqHand - _cleanupWindowlessSessions - Asynchronous Sessions clean-up phase starting NOW
[INFO  - 2020-05-14T10:17:41.108Z] SessionManagerReqHand - _cleanupWindowlessSessions - Asynchronous Sessions clean-up phase starting NOW
[INFO  - 2020-05-14T10:22:41.110Z] SessionManagerReqHand - _cleanupWindowlessSessions - Asynchronous Sessions clean-up phase starting NOW
[INFO  - 2020-05-14T10:27:41.124Z] SessionManagerReqHand - _cleanupWindowlessSessions - Asynchronous Sessions clean-up phase starting NOW
[INFO  - 2020-05-14T10:32:41.124Z] SessionManagerReqHand - _cleanupWindowlessSessions - Asynchronous Sessions clean-up phase starting NOW
[INFO  - 2020-05-14T10:37:41.124Z] SessionManagerReqHand - _cleanupWindowlessSessions - Asynchronous Sessions clean-up phase starting NOW
[INFO  - 2020-05-14T10:42:41.124Z] SessionManagerReqHand - _cleanupWindowlessSessions - Asynchronous Sessions clean-up phase starting NOW
[INFO  - 2020-05-14T10:47:41.124Z] SessionManagerReqHand - _cleanupWindowlessSessions - Asynchronous Sessions clean-up phase starting NOW
[INFO  - 2020-05-14T10:52:41.124Z] SessionManagerReqHand - _cleanupWindowlessSessions - Asynchronous Sessions clean-up phase starting NOW
